  [4;36;1mSQL (0.1ms)[0m   [0;1mSET NAMES 'utf8'[0m
  [4;35;1mSQL (0.0ms)[0m   [0mSET SQL_AUTO_IS_NULL=0[0m
  [4;36;1mSQL (0.1ms)[0m   [0;1mSHOW TABLES[0m
  [4;35;1mSQL (4.2ms)[0m   [0mCREATE TABLE `schema_migrations` (`version` varchar(255) NOT NULL) ENGINE=InnoDB[0m
  [4;36;1mSQL (6.8ms)[0m   [0;1mCREATE UNIQUE INDEX `unique_schema_migrations` ON `schema_migrations` (`version`)[0m
  [4;35;1mSQL (0.1ms)[0m   [0mSHOW TABLES[0m
  [4;36;1mSQL (0.1ms)[0m   [0;1mSELECT version FROM schema_migrations[0m
Migrating to CreateDishes (20100715033426)
  [4;35;1mSQL (4.9ms)[0m   [0mCREATE TABLE `dishes` (`id` int(11) DEFAULT NULL auto_increment PRIMARY KEY, `name` varchar(255), `leftovers` int(11), `user_id` int(11), `created_at` datetime, `updated_at` datetime) ENGINE=InnoDB[0m
  [4;36;1mSQL (0.6ms)[0m   [0;1mINSERT INTO schema_migrations (version) VALUES ('20100715033426')[0m
  [4;35;1mSQL (0.3ms)[0m   [0mSHOW TABLES[0m
  [4;36;1mSQL (0.1ms)[0m   [0;1mSELECT version FROM schema_migrations[0m
  [4;35;1mSQL (0.1ms)[0m   [0mSHOW TABLES[0m
  [4;36;1mSQL (0.5ms)[0m   [0;1mSHOW FIELDS FROM `dishes`[0m
  [4;35;1mSQL (0.4ms)[0m   [0mdescribe `dishes`[0m
  [4;36;1mSQL (0.2ms)[0m   [0;1mSHOW KEYS FROM `dishes`[0m
  [4;36;1mSQL (0.1ms)[0m   [0;1mSET NAMES 'utf8'[0m
  [4;35;1mSQL (0.0ms)[0m   [0mSET SQL_AUTO_IS_NULL=0[0m
  [4;36;1mSQL (0.1ms)[0m   [0;1mSHOW TABLES[0m
  [4;35;1mSQL (0.2ms)[0m   [0mSELECT version FROM schema_migrations[0m
Migrating to CreateDishes (20100715033426)
  [4;36;1mSQL (0.2ms)[0m   [0;1mSHOW TABLES[0m
  [4;35;1mSQL (0.1ms)[0m   [0mSELECT version FROM schema_migrations[0m
  [4;36;1mSQL (0.1ms)[0m   [0;1mSHOW TABLES[0m
  [4;35;1mSQL (0.4ms)[0m   [0mSHOW FIELDS FROM `dishes`[0m
  [4;36;1mSQL (0.4ms)[0m   [0;1mdescribe `dishes`[0m
  [4;35;1mSQL (0.2ms)[0m   [0mSHOW KEYS FROM `dishes`[0m
  [4;36;1mSQL (0.1ms)[0m   [0;1mSET NAMES 'utf8'[0m
  [4;35;1mSQL (0.0ms)[0m   [0mSET SQL_AUTO_IS_NULL=0[0m


Processing ApplicationController#index (for 127.0.0.1 at 2010-07-14 23:40:22) [GET]

ActionController::RoutingError (No route matches "/meals" with {:method=>:get}):
  -e:1:in `load'
  -e:1

Rendering rescues/layout (not_found)
  [4;36;1mSQL (0.1ms)[0m   [0;1mSET NAMES 'utf8'[0m
  [4;35;1mSQL (0.0ms)[0m   [0mSET SQL_AUTO_IS_NULL=0[0m


Processing DishesController#index (for 127.0.0.1 at 2010-07-14 23:40:29) [GET]
  [4;36;1mDish Load (0.2ms)[0m   [0;1mSELECT * FROM `dishes` [0m
Rendering template within layouts/dishes
Rendering dishes/index
Completed in 38ms (View: 35, DB: 0) | 200 OK [http://localhost/dishes]
  [4;35;1mSQL (0.1ms)[0m   [0mSET NAMES 'utf8'[0m
  [4;36;1mSQL (0.1ms)[0m   [0;1mSET SQL_AUTO_IS_NULL=0[0m


Processing DishesController#new (for 127.0.0.1 at 2010-07-14 23:40:32) [GET]
  [4;35;1mDish Columns (0.5ms)[0m   [0mSHOW FIELDS FROM `dishes`[0m
Rendering template within layouts/dishes
Rendering dishes/new
Completed in 11ms (View: 7, DB: 1) | 200 OK [http://localhost/dishes/new]
  [4;36;1mSQL (0.1ms)[0m   [0;1mSET NAMES 'utf8'[0m
  [4;35;1mSQL (0.0ms)[0m   [0mSET SQL_AUTO_IS_NULL=0[0m


Processing DishesController#create (for 127.0.0.1 at 2010-07-14 23:41:08) [POST]
  Parameters: {"commit"=>"Create", "authenticity_token"=>"EBUAm2OcgsqzOWR9EAlNMQttsN5ilM4h+a3AHf6fKAU=", "dish"=>{"name"=>"Spaghetti casserole", "leftovers"=>"3"}}
  [4;36;1mDish Columns (0.5ms)[0m   [0;1mSHOW FIELDS FROM `dishes`[0m
  [4;35;1mSQL (0.0ms)[0m   [0mBEGIN[0m
  [4;36;1mDish Create (0.2ms)[0m   [0;1mINSERT INTO `dishes` (`name`, `updated_at`, `leftovers`, `user_id`, `created_at`) VALUES('Spaghetti casserole', '2010-07-15 03:41:08', 3, NULL, '2010-07-15 03:41:08')[0m
  [4;35;1mSQL (15.1ms)[0m   [0mCOMMIT[0m
Redirected to http://localhost:3000/dishes/1
Completed in 21ms (DB: 16) | 302 Found [http://localhost/dishes]
  [4;36;1mSQL (0.1ms)[0m   [0;1mSET NAMES 'utf8'[0m
  [4;35;1mSQL (0.0ms)[0m   [0mSET SQL_AUTO_IS_NULL=0[0m


Processing DishesController#show (for 127.0.0.1 at 2010-07-14 23:41:08) [GET]
  Parameters: {"id"=>"1"}
  [4;36;1mDish Columns (0.4ms)[0m   [0;1mSHOW FIELDS FROM `dishes`[0m
  [4;35;1mDish Load (0.1ms)[0m   [0mSELECT * FROM `dishes` WHERE (`dishes`.`id` = 1) [0m
Rendering template within layouts/dishes
Rendering dishes/show
Completed in 9ms (View: 5, DB: 1) | 200 OK [http://localhost/dishes/1]
